<?xml version="1.0" encoding="utf-8"?><testsuites><testsuite name="pytest" errors="0" failures="0" skipped="0" tests="70" time="59.634" timestamp="2026-09-18T18:48:26.793637" hostname="autodl-container-qlct8ugcxh-6f0e9741"><testcase classname="unloading_ros_bridge.test.test_algorithm_replay" name="test_algorithm_artifact_actual_dds_and_markers" time="1.039" /><testcase classname="unloading_ros_bridge.test.test_algorithm_replay" name="test_algorithm_file_node_rejects_hash_before_publication" time="0.444" /><testcase classname="unloading_ros_bridge.test.test_algorithm_replay" name="test_algorithm_replay_original_identity_validated_without_online_admission" time="0.074" /><testcase classname="unloading_ros_bridge.test.test_bridge_integration_launch" name="test_bridge_integration_launch" time="3.382" /><testcase classname="unloading_ros_bridge.test.test_finite_replay" name="test_success_corrupt_empty_late_session_and_source_loss_in_one_graph" time="24.049" /><testcase classname="unloading_ros_bridge.test.test_humble_imports" name="test_humble_python_and_generated_interfaces_import" time="0.000" /><testcase classname="unloading_ros_bridge.test.test_humble_imports" name="test_cpu_bridge_import_does_not_load_cuda_frameworks" time="0.000" /><testcase classname="unloading_ros_bridge.test.test_humble_imports" name="test_domain_ros_domain_round_trip_preserves_fingerprint" time="0.002" /><testcase classname="unloading_ros_bridge.test.test_humble_imports" name="test_exact_source_times_survive_ros_nanosecond_transport" time="0.001" /><testcase classname="unloading_ros_bridge.test.test_isaac_joint_state_transport" name="test_adapter_joint_state_reaches_world_without_opening_planning_gate[nonzero-readback]" time="2.343" /><testcase classname="unloading_ros_bridge.test.test_isaac_joint_state_transport" name="test_adapter_joint_state_reaches_world_without_opening_planning_gate[static-hold-readback]" time="1.730" /><testcase classname="unloading_ros_bridge.test.test_isaac_payload_transport" name="test_original_depth_replacement_is_rejected_by_production_loader" time="0.044" /><testcase classname="unloading_ros_bridge.test.test_isaac_payload_transport" name="test_real_ros_sequence_a_bad_b_c_and_verified_cache[False-metric_depth_m.npy]" time="0.274" /><testcase classname="unloading_ros_bridge.test.test_isaac_payload_transport" name="test_real_ros_sequence_a_bad_b_c_and_verified_cache[True-metric_depth_m.npy]" time="0.278" /><testcase classname="unloading_ros_bridge.test.test_isaac_payload_transport" name="test_real_ros_sequence_a_bad_b_c_and_verified_cache[True-pointcloud_world_m.npz]" time="0.361" /><testcase classname="unloading_ros_bridge.test.test_marker_display" name="test_surface_without_complete_volume_is_visible" time="0.001" /><testcase classname="unloading_ros_bridge.test.test_marker_display" name="test_disappeared_cube_is_explicitly_deleted" time="0.002" /><testcase classname="unloading_ros_bridge.test.test_marker_display" name="test_reordering_does_not_swap_identity" time="0.002" /><testcase classname="unloading_ros_bridge.test.test_marker_display" name="test_exact_pose_scale_and_valid_patch_markers" time="0.002" /><testcase classname="unloading_ros_bridge.test.test_marker_display" name="test_representatives_full_source_and_raw_conflict_survive" time="0.002" /><testcase classname="unloading_ros_bridge.test.test_marker_display" name="test_bad_representative_mapping_never_falls_back[missing]" time="0.001" /><testcase classname="unloading_ros_bridge.test.test_marker_display" name="test_bad_representative_mapping_never_falls_back[ambiguous]" time="0.001" /><testcase classname="unloading_ros_bridge.test.test_marker_display" name="test_bad_record_does_not_crash_or_hide_other_object[json]" time="0.001" /><testcase classname="unloading_ros_bridge.test.test_marker_display" name="test_bad_record_does_not_crash_or_hide_other_object[nan]" time="0.001" /><testcase classname="unloading_ros_bridge.test.test_marker_display" name="test_bad_record_does_not_crash_or_hide_other_object[frame]" time="0.001" /><testcase classname="unloading_ros_bridge.test.test_marker_display" name="test_bad_record_does_not_crash_or_hide_other_object[short]" time="0.001" /><testcase classname="unloading_ros_bridge.test.test_marker_display" name="test_bad_record_does_not_crash_or_hide_other_object[shape]" time="0.001" /><testcase classname="unloading_ros_bridge.test.test_marker_display" name="test_bad_record_does_not_crash_or_hide_other_object[overflow]" time="0.001" /><testcase classname="unloading_ros_bridge.test.test_marker_display" name="test_bad_record_does_not_crash_or_hide_other_object[nested-json]" time="0.001" /><testcase classname="unloading_ros_bridge.test.test_marker_display" name="test_unknown_bbox_is_only_nonspatial_ui_and_time_status_is_preserved" time="0.001" /><testcase classname="unloading_ros_bridge.test.test_marker_display" name="test_lifecycle_deletes_all_attachments_and_keeps_full_current_scene" time="0.002" /><testcase classname="unloading_ros_bridge.test.test_marker_display" name="test_ambiguous_object_identity_is_not_first_wins" time="0.001" /><testcase classname="unloading_ros_bridge.test.test_marker_transport" name="test_actual_world_markers_watchdog_deletion_and_late_subscriber" time="0.233" /><testcase classname="unloading_ros_bridge.test.test_marker_transport" name="test_normal_destroy_clears_owned_markers_and_restart_republishes" time="0.017" /><testcase classname="unloading_ros_bridge.test.test_mock_action_launch" name="test_mock_action_launch" time="0.328" /><testcase classname="unloading_ros_bridge.test.test_perception_time_transport" name="test_time_anomalies_publish_block_and_preserve_valid_source[synthetic-metric-demo]" time="0.515" /><testcase classname="unloading_ros_bridge.test.test_perception_time_transport" name="test_time_anomalies_publish_block_and_preserve_valid_source[registered-rgbd-fused-algorithm]" time="0.515" /><testcase classname="unloading_ros_bridge.test.test_perception_time_transport" name="test_ros_parameter_validation_and_tolerance_shared_with_watchdog" time="0.356" /><testcase classname="unloading_ros_bridge.test.test_replay_cache" name="test_verified_record_cache_compares_content_and_rechecks_transport" time="0.018" /><testcase classname="unloading_ros_bridge.test.test_replay_cache" name="test_replay_heartbeat_reuse_preserves_sampling_faults_and_content" time="3.426" /><testcase classname="unloading_ros_bridge.test.test_replay_entry" name="test_real_replay_launch_produces_read_only_world[False]" time="0.919" /><testcase classname="unloading_ros_bridge.test.test_replay_entry" name="test_real_replay_launch_produces_read_only_world[True]" time="0.914" /><testcase classname="unloading_ros_bridge.test.test_replay_entry" name="test_actual_entry_bad_file_never_publishes_success[missing]" time="0.779" /><testcase classname="unloading_ros_bridge.test.test_replay_entry" name="test_actual_entry_bad_file_never_publishes_success[corrupt]" time="0.778" /><testcase classname="unloading_ros_bridge.test.test_replay_mode" name="test_default_online_rejects_replay_even_with_provider_or_synthetic_claims" time="0.016" /><testcase classname="unloading_ros_bridge.test.test_replay_mode" name="test_replay_mode_rejects_inconsistent_records_before_source_guard" time="0.016" /><testcase classname="unloading_ros_bridge.test.test_replay_mode" name="test_invalid_mode_configuration_fails_explicitly" time="0.005" /><testcase classname="unloading_ros_bridge.test.test_state_time_recovery" name="test_future_state_does_not_poison_and_next_valid_sample_recovers[robot-False]" time="0.067" /><testcase classname="unloading_ros_bridge.test.test_state_time_recovery" name="test_future_state_does_not_poison_and_next_valid_sample_recovers[mechanism-False]" time="0.068" /><testcase classname="unloading_ros_bridge.test.test_state_time_recovery" name="test_future_state_does_not_poison_and_next_valid_sample_recovers[mechanism-True]" time="0.067" /><testcase classname="unloading_ros_bridge.test.test_state_time_recovery" name="test_first_bad_time_and_encoding_cannot_create_state[robot]" time="0.064" /><testcase classname="unloading_ros_bridge.test.test_state_time_recovery" name="test_first_bad_time_and_encoding_cannot_create_state[mechanism]" time="0.062" /><testcase classname="unloading_ros_bridge.test.test_state_time_recovery" name="test_faults_are_source_local_and_only_new_admitted_samples_clear_them" time="0.925" /><testcase classname="unloading_ros_bridge.test.test_state_time_recovery" name="test_inclusive_source_age_boundary_matches_watchdog[robot-0.5]" time="0.313" /><testcase classname="unloading_ros_bridge.test.test_state_time_recovery" name="test_inclusive_source_age_boundary_matches_watchdog[mechanism-2.0]" time="0.314" /><testcase classname="unloading_ros_bridge.test.test_state_time_recovery" name="test_system_clock_fault_revokes_grant_and_recovery_cannot_revive_it[robot]" time="0.064" /><testcase classname="unloading_ros_bridge.test.test_state_time_recovery" name="test_system_clock_fault_revokes_grant_and_recovery_cannot_revive_it[mechanism]" time="0.066" /><testcase classname="unloading_ros_bridge.test.test_state_time_recovery" name="test_reset_requires_complete_exit_and_new_isolated_session" time="1.738" /><testcase classname="unloading_ros_bridge.test.test_world_heartbeat" name="test_static_samples_reach_execution_without_changing_grant" time="1.296" /><testcase classname="unloading_ros_bridge.test.test_world_heartbeat" name="test_source_loss_old_samples_and_recovery_do_not_revive_grants[robot-off]" time="0.993" /><testcase classname="unloading_ros_bridge.test.test_world_heartbeat" name="test_source_loss_old_samples_and_recovery_do_not_revive_grants[mechanism-off]" time="2.351" /><testcase classname="unloading_ros_bridge.test.test_world_heartbeat" name="test_source_loss_old_samples_and_recovery_do_not_revive_grants[robot-repeat]" time="0.641" /><testcase classname="unloading_ros_bridge.test.test_world_heartbeat" name="test_source_loss_old_samples_and_recovery_do_not_revive_grants[mechanism-repeat]" time="2.127" /><testcase classname="unloading_ros_bridge.test.test_world_heartbeat" name="test_perception_expiry_latch_and_partial_recovery" time="2.631" /><testcase classname="unloading_ros_bridge.test.test_world_heartbeat" name="test_actual_content_change_revises_world_and_revokes_grant[robot]" time="0.069" /><testcase classname="unloading_ros_bridge.test.test_world_heartbeat" name="test_actual_content_change_revises_world_and_revokes_grant[mechanism]" time="0.073" /><testcase classname="unloading_ros_bridge.test.test_world_heartbeat" name="test_world_publisher_stopping_still_rejects_new_command" time="1.062" /><testcase classname="unloading_ros_bridge.test.test_world_heartbeat" name="test_heartbeat_never_extends_grant_expiry" time="0.422" /><testcase classname="unloading_ros_bridge.test.test_world_heartbeat" name="test_missing_states_never_produce_fabricated_heartbeat" time="0.689" /><testcase classname="unloading_ros_bridge.test.test_world_heartbeat" name="test_paused_sim_time_heartbeats_do_not_age_or_refresh_sources" time="0.416" /></testsuite></testsuites>