<?xml version="1.0" encoding="utf-8"?><testsuites><testsuite name="pytest" errors="0" failures="0" skipped="0" tests="388" time="5.960" timestamp="2026-09-15T13:21:58.705323" hostname="autodl-container-qlct8ugcxh-6f0e9741"><testcase classname="tests.test_algorithm_surface_contract" name="test_formal_surface_roundtrip_and_fingerprint" time="0.002" /><testcase classname="tests.test_algorithm_surface_contract" name="test_invalid_formal_surface_geometry_is_rejected[plane_offset_m-nan]" time="0.001" /><testcase classname="tests.test_algorithm_surface_contract" name="test_invalid_formal_surface_geometry_is_rejected[plane_offset_m-5.0]" time="0.001" /><testcase classname="tests.test_algorithm_surface_contract" name="test_invalid_formal_surface_geometry_is_rejected[plane_normal-value2]" time="0.001" /><testcase classname="tests.test_algorithm_surface_contract" name="test_invalid_formal_surface_geometry_is_rejected[plane_residual_m--0.1]" time="0.001" /><testcase classname="tests.test_algorithm_surface_contract" name="test_invalid_formal_surface_geometry_is_rejected[point_support_count-0]" time="0.001" /><testcase classname="tests.test_algorithm_surface_contract" name="test_invalid_capture_surface_binding_rejected[capture_id-old]" time="0.001" /><testcase classname="tests.test_algorithm_surface_contract" name="test_invalid_capture_surface_binding_rejected[calibration_identity-wrong]" time="0.001" /><testcase classname="tests.test_algorithm_surface_contract" name="test_invalid_capture_surface_binding_rejected[sensor_epoch-retired]" time="0.001" /><testcase classname="tests.test_algorithm_surface_contract" name="test_invalid_capture_surface_binding_rejected[clock_domain-wrong]" time="0.001" /><testcase classname="tests.test_algorithm_surface_contract" name="test_invalid_capture_surface_binding_rejected[T_W_C_at_capture-value4]" time="0.001" /><testcase classname="tests.test_algorithm_surface_contract" name="test_missing_module_is_explicit_world_blocker" time="0.001" /><testcase classname="tests.test_base_optimization" name="test_continuous_optimizer_is_seeded_and_not_restricted_to_dock_enumeration" time="0.005" /><testcase classname="tests.test_base_optimization" name="test_geometric_coverage_prefers_pose_facing_targets" time="0.000" /><testcase classname="tests.test_base_optimization" name="test_continuous_optimizer_rejects_nonfinite_objective" time="0.000" /><testcase classname="tests.test_benchmark" name="test_planning_and_simulated_cycle_time_are_never_combined" time="0.001" /><testcase classname="tests.test_camera_coverage" name="test_front_surface_is_derived_from_manifest_geometry_not_name_indices" time="0.049" /><testcase classname="tests.test_camera_coverage" name="test_legacy_90_degree_camera_reproduces_right_and_lower_projection_loss" time="0.078" /><testcase classname="tests.test_camera_coverage" name="test_projection_uses_capture_transform_and_output_intrinsics" time="0.046" /><testcase classname="tests.test_camera_coverage" name="test_dual_120x65_candidate_covers_every_front_face_sample" time="0.242" /><testcase classname="tests.test_cycle" name="test_cycle_simulation_is_seed_reproducible" time="0.044" /><testcase classname="tests.test_cycle" name="test_common_random_numbers_make_candidate_delta_exact" time="0.243" /><testcase classname="tests.test_cycle" name="test_required_normal_cycle_hits_target_mean" time="0.034" /><testcase classname="tests.test_cycle" name="test_conditional_recovery_never_exceeds_grasp_retries" time="0.016" /><testcase classname="tests.test_demo" name="test_kuka_scene_layout_detection_and_grasp_modes" time="0.022" /><testcase classname="tests.test_demo" name="test_kuka_home_is_folded_and_does_not_point_skyward" time="0.033" /><testcase classname="tests.test_demo" name="test_kuka_carry_uses_direct_any_face_transfer" time="0.019" /><testcase classname="tests.test_demo" name="test_fast_grasp_selection_keeps_each_face_mode" time="0.021" /><testcase classname="tests.test_demo" name="test_fixed_base_reach_filter_skips_only_distant_cartons" time="0.006" /><testcase classname="tests.test_demo" name="test_exposed_carton_order_includes_stable_top_grasps" time="0.027" /><testcase classname="tests.test_demo" name="test_restore_plan_prefix_removes_cartons_and_restores_terminal_state" time="0.044" /><testcase classname="tests.test_demo" name="test_pick_plan_honors_zero_time_candidate_budget" time="0.009" /><testcase classname="tests.test_demo" name="test_amr_docking_moves_robot_and_conveyor_together" time="0.039" /><testcase classname="tests.test_demo" name="test_fanuc_docking_moves_both_conveyors_with_the_amr" time="0.044" /><testcase classname="tests.test_demo" name="test_fanuc_l_conveyors_overlap_and_keep_200mm_from_cartons" time="0.048" /><testcase classname="tests.test_demo" name="test_pregrasp_heatmap_returns_only_matching_free_seed" time="0.000" /><testcase classname="tests.test_demo" name="test_amr_and_conveyor_front_alignment" time="0.019" /><testcase classname="tests.test_demo" name="test_carton_stack_and_amr_front_are_inside_the_requested_door_clearances" time="0.019" /><testcase classname="tests.test_demo" name="test_conveyor_place_candidates_use_release_zone_and_full_support" time="0.034" /><testcase classname="tests.test_demo" name="test_conveyor_release_height_preserves_stable_faces_and_drop_clearance" time="0.047" /><testcase classname="tests.test_demo" name="test_carried_carton_matches_scene_pose_at_grasp" time="0.020" /><testcase classname="tests.test_demo" name="test_carton_tilt_is_limited_only_inside_trailer" time="0.019" /><testcase classname="tests.test_demo" name="test_internal_placement_surface_has_no_conveyor_release_zone" time="0.022" /><testcase classname="tests.test_demo" name="test_continuous_conveyor_candidates_release_with_tool_outward_axis_up" time="0.003" /><testcase classname="tests.test_demo" name="test_continuous_conveyor_release_face_separates_from_tool_along_belt" time="0.003" /><testcase classname="tests.test_demo" name="test_continuous_conveyor_can_sample_intermediate_upright_release_yaws" time="0.005" /><testcase classname="tests.test_demo" name="test_compact_amr_fits_inside_empty_trailer" time="0.019" /><testcase classname="tests.test_demo" name="test_current_amr_dock_is_tried_first" time="0.019" /><testcase classname="tests.test_demo" name="test_dock_ik_score_reports_candidate_yield_and_motion" time="0.460" /><testcase classname="tests.test_demo" name="test_scene_config_accepts_plan_path_from_other_operating_system" time="0.006" /><testcase classname="tests.test_depalletizing_strategy" name="test_both_side_neighbors_require_geometry_derived_front_extraction" time="0.011" /><testcase classname="tests.test_depalletizing_strategy" name="test_left_blocked_right_open_prefers_direct_right_side_and_is_symmetric" time="0.001" /><testcase classname="tests.test_depalletizing_strategy" name="test_both_sides_open_generate_and_score_all_four_faces" time="0.000" /><testcase classname="tests.test_depalletizing_strategy" name="test_minimum_extraction_depends_on_carton_geometry_not_a_fixed_distance" time="0.019" /><testcase classname="tests.test_depalletizing_strategy" name="test_independent_l_conveyor_transform_and_dynamic_limits" time="0.000" /><testcase classname="tests.test_depalletizing_strategy" name="test_conveyor_reaches_twenty_mm_surface_gap_and_rejects_collision" time="0.323" /><testcase classname="tests.test_depalletizing_strategy" name="test_vacuum_release_is_gated_by_completed_handoff" time="0.000" /><testcase classname="tests.test_depalletizing_strategy" name="test_fixed_250mm_retreat_is_absent_from_m710_runtime_config" time="0.000" /><testcase classname="tests.test_digital_twin" name="test_corner_blend_is_deterministic_and_collision_validated" time="0.001" /><testcase classname="tests.test_digital_twin" name="test_corner_blend_keeps_original_corner_when_curve_collides" time="0.001" /><testcase classname="tests.test_digital_twin" name="test_collinear_simplification_preserves_real_corner" time="0.000" /><testcase classname="tests.test_digital_twin" name="test_controller_log_calibration_and_csv_import" time="0.002" /><testcase classname="tests.test_digital_twin" name="test_controller_log_rejects_non_monotonic_time" time="0.000" /><testcase classname="tests.test_digital_twin" name="test_process_event_log_calibrates_perception_vacuum_and_release" time="0.001" /><testcase classname="tests.test_digital_twin" name="test_support_graph_defers_supporting_carton_and_updates_order" time="0.001" /><testcase classname="tests.test_digital_twin" name="test_collision_backend_comparison_reports_false_positive_and_negative" time="0.000" /><testcase classname="tests.test_digital_twin" name="test_timed_commands_camera_intrinsics_and_tracking_audit" time="0.000" /><testcase classname="tests.test_digital_twin" name="test_certified_runtime_lookup_is_bounded_and_respects_support_order" time="0.001" /><testcase classname="tests.test_digital_twin" name="test_certified_runtime_lookup_rejects_perception_drift_without_robust_certificate" time="0.000" /><testcase classname="tests.test_fanuc_cross_section_study" name="test_required_grid_is_endpoint_inclusive_and_50mm" time="0.004" /><testcase classname="tests.test_fanuc_cross_section_study" name="test_front_and_side_target_normals_follow_world_convention" time="0.004" /><testcase classname="tests.test_fanuc_cross_section_study" name="test_carton_cells_outside_physical_trailer_are_rejected" time="0.004" /><testcase classname="tests.test_fanuc_cross_section_study" name="test_step_audit_supplies_rigid_subcomponents_and_requested_tool_length" time="0.005" /><testcase classname="tests.test_fanuc_cross_section_study" name="test_aggregate_state_is_conservative_across_required_sizes" time="0.000" /><testcase classname="tests.test_fanuc_cross_section_study" name="test_wrist_load_is_invariant_to_rigid_base_translation" time="0.007" /><testcase classname="tests.test_fanuc_m710id_70_kinematics" name="test_zero_pose_axes_flange_and_jacobian_match_supplied_robocad" time="0.005" /><testcase classname="tests.test_fanuc_m710id_70_kinematics" name="test_configured_home_is_valid_and_not_silently_accepted_if_colliding" time="0.005" /><testcase classname="tests.test_fanuc_m710id_70_kinematics" name="test_known_reachable_and_unreachable_task_grasps_are_regression_fixtures" time="0.052" /><testcase classname="tests.test_fanuc_m710id_70_kinematics" name="test_runtime_config_selects_new_model_without_overwriting_m20" time="0.038" /><testcase classname="tests.test_fanuc_m710id_70_load" name="test_m710_identity_and_official_limits_load" time="0.007" /><testcase classname="tests.test_fanuc_m710id_70_load" name="test_20kg_tool_is_separate_and_combined_com_fails_70kg_curve" time="0.003" /><testcase classname="tests.test_fanuc_m710id_70_load" name="test_vendor_evidence_chain_is_verified_but_inverse_dynamics_is_blocked" time="0.009" /><testcase classname="tests.test_fanuc_m710id_70_load" name="test_payload_only_wrist_screen_uses_real_pose_and_dynamic_state" time="0.015" /><testcase classname="tests.test_fanuc_m710id_70_load" name="test_com_offset_sensitivity_is_limited_to_requested_ten_percent" time="0.003" /><testcase classname="tests.test_fanuc_wrist_load" name="test_public_fanuc_evidence_fails_closed_without_reference_or_diagram" time="0.003" /><testcase classname="tests.test_fanuc_wrist_load" name="test_engineering_tool_source_is_explicit_and_auditable" time="0.002" /><testcase classname="tests.test_fanuc_wrist_load" name="test_vendor_fail_requires_verified_reference_definitions_and_boundary" time="0.003" /><testcase classname="tests.test_final_geometry" name="test_final_plane_recomputed_not_inherited_or_indexed_by_axis" time="0.002" /><testcase classname="tests.test_final_geometry" name="test_cuboid_consistency[nonfinite]" time="0.001" /><testcase classname="tests.test_final_geometry" name="test_cuboid_consistency[shear]" time="0.000" /><testcase classname="tests.test_final_geometry" name="test_cuboid_consistency[corner]" time="0.001" /><testcase classname="tests.test_final_geometry" name="test_cuboid_consistency[zero]" time="0.000" /><testcase classname="tests.test_final_geometry" name="test_multiplane_version_selects_all_fields_and_requires_provenance" time="0.001" /><testcase classname="tests.test_final_geometry" name="test_crossed_or_diagonal_face_topology_is_rejected" time="0.001" /><testcase classname="tests.test_final_geometry" name="test_rejected_final_faces_cannot_inherit_old_multiplane_qualification" time="0.001" /><testcase classname="tests.test_geometry" name="test_capsule_obb_collision_and_clearance" time="0.000" /><testcase classname="tests.test_geometry" name="test_capsule_obb_bounding_sphere_rejection_keeps_near_miss_clear" time="0.000" /><testcase classname="tests.test_geometry" name="test_segment_obb_distance_finds_interior_minimum_exactly" time="0.000" /><testcase classname="tests.test_geometry" name="test_segment_obb_distance_is_rotation_invariant" time="0.000" /><testcase classname="tests.test_identity_and_config" name="test_studies_package_imports_in_default_pytest_environment" time="0.000" /><testcase classname="tests.test_identity_and_config" name="test_robot_model_normalization[fanuc_m20id35-fanuc_m20id_35]" time="0.000" /><testcase classname="tests.test_identity_and_config" name="test_robot_model_normalization[fanuc_m20id_35-fanuc_m20id_35]" time="0.000" /><testcase classname="tests.test_identity_and_config" name="test_robot_model_normalization[kuka_kr50_r2500-kuka_kr50_r2500]" time="0.000" /><testcase classname="tests.test_identity_and_config" name="test_robot_model_normalization[ur5e_like-ur5e_like]" time="0.000" /><testcase classname="tests.test_identity_and_config" name="test_unknown_robot_model_is_rejected" time="0.000" /><testcase classname="tests.test_identity_and_config" name="test_default_tool_alias_resolves_to_single_10kg_master" time="0.005" /><testcase classname="tests.test_identity_and_config" name="test_8kg_tool_remains_explicit_historical_variant" time="0.002" /><testcase classname="tests.test_identity_and_config" name="test_runtime_and_qualification_share_physical_10kg_tool" time="0.050" /><testcase classname="tests.test_identity_and_config" name="test_cache_identity_has_robot_tool_and_tcp_and_rejects_mismatch" time="0.069" /><testcase classname="tests.test_identity_and_config" name="test_report_context_uses_resolved_inputs_and_dynamic_counts" time="0.007" /><testcase classname="tests.test_instance_lineage" name="test_reindexed_deleted_first_middle_and_noncontiguous[kept0]" time="0.003" /><testcase classname="tests.test_instance_lineage" name="test_reindexed_deleted_first_middle_and_noncontiguous[kept1]" time="0.002" /><testcase classname="tests.test_instance_lineage" name="test_reindexed_deleted_first_middle_and_noncontiguous[kept2]" time="0.002" /><testcase classname="tests.test_instance_lineage" name="test_merge_retains_conflicting_entities_without_cloning" time="0.002" /><testcase classname="tests.test_instance_lineage" name="test_missing_geometry_and_same_mask_across_modules" time="0.003" /><testcase classname="tests.test_instance_lineage" name="test_corrupt_mapping_fails_closed[duplicate]" time="0.002" /><testcase classname="tests.test_instance_lineage" name="test_corrupt_mapping_fails_closed[missing]" time="0.003" /><testcase classname="tests.test_instance_lineage" name="test_corrupt_mapping_fails_closed[box]" time="0.003" /><testcase classname="tests.test_instance_lineage" name="test_corrupt_mapping_fails_closed[score]" time="0.003" /><testcase classname="tests.test_instance_lineage" name="test_corrupt_mapping_fails_closed[capture]" time="0.003" /><testcase classname="tests.test_instance_lineage" name="test_corrupt_mapping_fails_closed[source]" time="0.002" /><testcase classname="tests.test_instance_lineage" name="test_corrupt_mapping_fails_closed[audit]" time="0.002" /><testcase classname="tests.test_instance_lineage" name="test_corrupt_mapping_fails_closed[geometry]" time="0.002" /><testcase classname="tests.test_instance_lineage" name="test_corrupt_mapping_fails_closed[mask_area]" time="0.003" /><testcase classname="tests.test_isaac_bridge" name="test_build_fanuc_replay_is_deterministic_and_limit_audited" time="0.002" /><testcase classname="tests.test_isaac_bridge" name="test_replay_inserts_stationary_vacuum_and_release_holds" time="0.001" /><testcase classname="tests.test_isaac_bridge" name="test_replay_settles_at_contact_before_closing_vacuum" time="0.001" /><testcase classname="tests.test_isaac_bridge" name="test_replay_time_scale_slows_physics_without_changing_joint_path" time="0.001" /><testcase classname="tests.test_isaac_bridge" name="test_replay_time_scale_rejects_speedup_or_non_finite_value" time="0.001" /><testcase classname="tests.test_isaac_bridge" name="test_replay_retimes_empty_tool_phase_after_stopped_release" time="0.002" /><testcase classname="tests.test_isaac_bridge" name="test_replay_derives_whole_head_forces_without_claiming_calibration" time="0.001" /><testcase classname="tests.test_isaac_bridge" name="test_replay_derives_six_non_collinear_zone_row_band_solver_points" time="0.001" /><testcase classname="tests.test_isaac_bridge" name="test_build_fanuc_replay_rejects_wrong_robot_and_effort_dimension" time="0.001" /><testcase classname="tests.test_isaac_bridge" name="test_build_fanuc_replay_serializes_docked_scene_and_dynamic_target" time="0.001" /><testcase classname="tests.test_isaac_bridge" name="test_build_fanuc_replay_serializes_dynamic_conveyor_and_outfeed" time="0.001" /><testcase classname="tests.test_isaac_evaluation" name="test_bbox_and_mask_iou_are_exact" time="0.000" /><testcase classname="tests.test_isaac_evaluation" name="test_oracle_proposal_bbox_and_estimated_mask_bbox_are_not_conflated" time="0.039" /><testcase classname="tests.test_isaac_evaluation" name="test_depth_reports_scale_aligned_and_absolute_error_separately" time="0.000" /><testcase classname="tests.test_isaac_evaluation" name="test_evaluation_matches_oracle_proposal_without_upgrading_evidence" time="0.039" /><testcase classname="tests.test_isaac_evaluation" name="test_evaluation_rejects_gt_disguised_as_prediction" time="0.038" /><testcase classname="tests.test_isaac_evaluation" name="test_evaluation_applies_explicit_camera_to_world_transform_without_validating_scale" time="0.039" /><testcase classname="tests.test_isaac_evaluation" name="test_cuboid_symmetry_error_is_separate_from_raw_quaternion_error" time="0.039" /><testcase classname="tests.test_isaac_perception_contract" name="test_manifest_separates_layout_from_dynamic_scene_identity" time="0.076" /><testcase classname="tests.test_isaac_perception_contract" name="test_manifest_rejects_tampering" time="0.039" /><testcase classname="tests.test_isaac_perception_contract" name="test_ground_truth_is_explicitly_synthetic_and_metric" time="0.038" /><testcase classname="tests.test_isaac_perception_contract" name="test_occluded_ground_truth_fails_closed" time="0.038" /><testcase classname="tests.test_isaac_perception_contract" name="test_invisible_ground_truth_uses_conservative_full_frame_unknown_region" time="0.038" /><testcase classname="tests.test_isaac_perception_contract" name="test_ground_truth_camera_binding_is_independent_of_manifest_order" time="0.038" /><testcase classname="tests.test_isaac_perception_contract" name="test_manifest_camera_is_derived_from_capture_time_j1_and_latest_a_base_chain" time="0.075" /><testcase classname="tests.test_isaac_perception_contract" name="test_late_gpu_result_remains_evaluable_but_cannot_replace_live_world" time="0.000" /><testcase classname="tests.test_isaac_perception_contract" name="test_feasibility_handoff_contains_existing_planning_world_snapshot" time="0.041" /><testcase classname="tests.test_isaac_perception_contract" name="test_capture_binding_rejects_hash_mismatch_shape" time="0.000" /><testcase classname="tests.test_isaac_perception_contract" name="test_simulation_clock_pause_resume_and_restart_are_explicit" time="0.000" /><testcase classname="tests.test_isaac_perception_contract" name="test_text_asset_identity_allows_only_git_newline_conversion" time="0.002" /><testcase classname="tests.test_kinematics" name="test_ik_accepts_solution_reached_on_final_update" time="0.001" /><testcase classname="tests.test_kinematics" name="test_fk_jacobian_shape_and_ik" time="0.009" /><testcase classname="tests.test_kinematics" name="test_kuka_urdf_fk_jacobian_and_ik" time="0.006" /><testcase classname="tests.test_kinematics" name="test_fanuc_m20id35_urdf_fk_jacobian_and_ik" time="0.002" /><testcase classname="tests.test_kinematics" name="test_fanuc_tool_envelope_participates_in_core_collision_checks" time="0.001" /><testcase classname="tests.test_kinematics" name="test_link_elevation_uses_physical_link_direction" time="0.001" /><testcase classname="tests.test_kinematics" name="test_generic_urdf_backend_supports_non_six_dof" time="0.001" /><testcase classname="tests.test_metric_patch_adapter" name="test_direct_patch_survives_without_inventing_eight_corners_or_thickness" time="0.003" /><testcase classname="tests.test_metric_patch_adapter" name="test_moving_final_patch_does_not_move_observation_support" time="0.002" /><testcase classname="tests.test_metric_patch_adapter" name="test_support_is_bound_to_exact_instance_depth_and_calibration" time="0.001" /><testcase classname="tests.test_metric_patch_adapter" name="test_maximum_rectangle_does_not_bridge_an_occlusion_hole" time="0.000" /><testcase classname="tests.test_metric_support" name="test_optical_z_range_units_and_anisotropic_pixel_roundtrip" time="0.000" /><testcase classname="tests.test_metric_support" name="test_native_final_map_preserves_rays_and_pixel_centres" time="0.001" /><testcase classname="tests.test_metric_support" name="test_frozen_face_support_accepts_plane_rejects_translation_and_rotation" time="0.003" /><testcase classname="tests.test_metric_support" name="test_boundary_contamination_reported_not_silently_trimmed_by_plane" time="0.002" /><testcase classname="tests.test_metric_support" name="test_three_orthogonal_planes_intersections_and_per_module_transform" time="0.001" /><testcase classname="tests.test_multimodule_fusion" name="test_overlap_object_is_fused_without_oracle_identity" time="0.001" /><testcase classname="tests.test_multimodule_fusion" name="test_inconsistent_overlap_is_retained_and_never_averaged" time="0.001" /><testcase classname="tests.test_multimodule_fusion" name="test_partial_boundaries_are_not_a_geometric_conflict" time="0.001" /><testcase classname="tests.test_multimodule_fusion" name="test_nonzero_offset_opposite_normal_is_same_plane" time="0.001" /><testcase classname="tests.test_multimodule_fusion" name="test_adjacent_coplanar_boxes_are_not_merged" time="0.001" /><testcase classname="tests.test_multimodule_fusion" name="test_full_patch_and_narrow_strip_associate_without_inventing_corners" time="0.001" /><testcase classname="tests.test_multimodule_fusion" name="test_adjacent_face_alone_is_insufficient_to_certify_same_entity" time="0.001" /><testcase classname="tests.test_multimodule_fusion" name="test_unknown_module_and_mixed_sequence_fail_closed" time="0.000" /><testcase classname="tests.test_multimodule_fusion" name="test_close_candidates_remain_ambiguous_and_order_independent" time="0.002" /><testcase classname="tests.test_multimodule_fusion" name="test_missing_module_retains_observation_but_degrades_coverage" time="0.000" /><testcase classname="tests.test_multimodule_fusion" name="test_mixed_epoch_and_non_simultaneous_captures_fail_closed" time="0.000" /><testcase classname="tests.test_observed_faces" name="test_observed_face_set_excludes_completion_and_preserves_shared_edge" time="0.000" /><testcase classname="tests.test_observed_faces" name="test_single_observed_face_keeps_plane_but_marks_complete_cuboid_unknown" time="0.000" /><testcase classname="tests.test_observed_faces" name="test_observed_faces_transform_with_capture_time_extrinsics" time="0.001" /><testcase classname="tests.test_perception_geometry" name="test_t_parent_child_rotates_then_translates_child_pose" time="0.000" /><testcase classname="tests.test_perception_geometry" name="test_axis_rows_are_explicitly_transposed_to_rotation_columns" time="0.000" /><testcase classname="tests.test_perception_geometry" name="test_axis_rows_remove_only_bounded_serialization_roundoff" time="0.000" /><testcase classname="tests.test_perception_geometry" name="test_axis_rows_reject_materially_nonorthogonal_or_left_handed_bases" time="0.000" /><testcase classname="tests.test_perception_geometry" name="test_invalid_transform_fails_closed[bad0]" time="0.000" /><testcase classname="tests.test_perception_geometry" name="test_invalid_transform_fails_closed[bad1]" time="0.000" /><testcase classname="tests.test_perception_geometry" name="test_invalid_transform_fails_closed[bad2]" time="0.000" /><testcase classname="tests.test_perception_integration" name="test_real_upstream_fixture_preserves_null_scores_and_non_box_obstacles" time="0.001" /><testcase classname="tests.test_perception_integration" name="test_upstream_quality_head_overshoot_is_explicitly_bounded" time="0.001" /><testcase classname="tests.test_perception_integration" name="test_monocular_metric_named_output_is_not_execution_geometry" time="0.001" /><testcase classname="tests.test_perception_integration" name="test_top_level_source_image_is_not_misread_as_3d_frame" time="0.002" /><testcase classname="tests.test_perception_integration" name="test_reference_resolution_rejects_escape_and_missing_file" time="0.001" /><testcase classname="tests.test_perception_integration" name="test_tracker_rejects_duplicate_retains_missed_and_resets_epoch" time="0.002" /><testcase classname="tests.test_perception_integration" name="test_ambiguous_association_retains_current_observation_and_old_occupancy" time="0.001" /><testcase classname="tests.test_perception_integration" name="test_scene_fingerprint_changes_for_position_and_rotation_but_not_heartbeat" time="0.003" /><testcase classname="tests.test_perception_integration" name="test_unknown_only_and_failed_empty_observations_are_never_free_space" time="0.001" /><testcase classname="tests.test_perception_integration" name="test_snapshot_requires_real_mechanism_state_and_is_immutable" time="0.003" /><testcase classname="tests.test_perception_integration" name="test_freshness_and_attachment_changes_only_invalidate_world_context" time="0.004" /><testcase classname="tests.test_perception_integration" name="test_execution_gate_rejects_hardware_duplicate_and_changed_world" time="0.001" /><testcase classname="tests.test_perception_integration" name="test_execution_gate_requires_exact_registered_grant" time="0.000" /><testcase classname="tests.test_perception_integration" name="test_cancel_acceptance_is_not_stop_acknowledgement" time="0.001" /><testcase classname="tests.test_perception_integration" name="test_mechanism_bundle_is_all_or_nothing_and_requires_explicit_state" time="0.000" /><testcase classname="tests.test_perception_integration" name="test_source_epoch_restart_rejects_late_retired_epoch" time="0.000" /><testcase classname="tests.test_perception_integration" name="test_freshness_changes_snapshot_identity_not_geometry_revision" time="0.003" /><testcase classname="tests.test_perception_integration" name="test_send_reservation_revocation_and_busy_check_are_atomic" time="0.001" /><testcase classname="tests.test_perception_integration" name="test_late_result_and_duplicate_stop_do_not_touch_new_active_command" time="0.001" /><testcase classname="tests.test_perception_integration" name="test_terminal_history_is_bounded" time="0.002" /><testcase classname="tests.test_perception_integration" name="test_pending_grant_cache_is_bounded" time="0.001" /><testcase classname="tests.test_perception_integration" name="test_pipeline_capability_fails_closed_without_interpreter" time="0.001" /><testcase classname="tests.test_perception_integration" name="test_pipeline_timeout_crash_and_bad_schema_are_distinct" time="0.081" /><testcase classname="tests.test_perception_integration" name="test_resident_pipeline_handshake_reuses_process_and_rotates_epoch_after_crash" time="0.041" /><testcase classname="tests.test_perception_integration" name="test_pipeline_output_references_are_root_bounded_and_hash_verified" time="0.003" /><testcase classname="tests.test_pinocchio_backend" name="test_optional_pinocchio_backend_fails_with_actionable_message_when_unavailable" time="0.001" /><testcase classname="tests.test_planner" name="test_rrt_connect_around_joint_space_obstacle" time="0.003" /><testcase classname="tests.test_planner" name="test_repair_invalid_path_preserves_anchors_and_detours_around_obstacle" time="0.003" /><testcase classname="tests.test_planner" name="test_rrt_connect_honors_hard_time_limit" time="0.000" /><testcase classname="tests.test_planner" name="test_joint_transit_uses_safe_hint_between_blocked_endpoints" time="0.000" /><testcase classname="tests.test_planner" name="test_rrt_connect_with_kuka_urdf_limits" time="0.001" /><testcase classname="tests.test_planner" name="test_wrist_first_carry_presets_wrist_before_turning_j1" time="0.000" /><testcase classname="tests.test_planner" name="test_conveyor_preplace_poses_cover_each_requested_approach_direction" time="0.000" /><testcase classname="tests.test_planner" name="test_conveyor_preplace_directions_follow_conveyor_frame" time="0.000" /><testcase classname="tests.test_planner" name="test_pose_transfer_cost_penalizes_unnecessary_rotation" time="0.000" /><testcase classname="tests.test_planner" name="test_joint_path_length_rejects_wandering_route" time="0.000" /><testcase classname="tests.test_planning_flexibility" name="test_active_layer_filter_preserves_center_out_order_and_blocks_lower_fallback" time="0.000" /><testcase classname="tests.test_planning_flexibility" name="test_active_depth_filter_keeps_near_work_face_before_deep_top_cartons" time="0.000" /><testcase classname="tests.test_planning_flexibility" name="test_cartesian_carry_uses_the_callers_collision_margin" time="0.000" /><testcase classname="tests.test_planning_flexibility" name="test_wrist_roll_candidates_keep_suction_normal_and_contact" time="0.000" /><testcase classname="tests.test_planning_flexibility" name="test_rectangular_suction_footprint_rejects_edge_overhang" time="0.001" /><testcase classname="tests.test_planning_flexibility" name="test_fg42_grid_keeps_sixty_fully_sealed_cups_on_centered_carton_face" time="0.002" /><testcase classname="tests.test_planning_flexibility" name="test_tool_envelope_filter_rejects_a_rigid_head_blocker" time="0.001" /><testcase classname="tests.test_planning_flexibility" name="test_nearest_equivalent_joint_vector_avoids_full_wrist_turn" time="0.000" /><testcase classname="tests.test_planning_flexibility" name="test_scene_config_supports_recursive_inheritance" time="0.002" /><testcase classname="tests.test_planning_flexibility" name="test_floor_support_contact_uses_tolerance_but_walls_keep_clearance" time="0.000" /><testcase classname="tests.test_planning_flexibility" name="test_carried_task_envelope_limits_rotation_and_upward_lift" time="0.000" /><testcase classname="tests.test_planning_flexibility" name="test_free_space_reorientation_policy_is_shared_with_cache_validation" time="0.000" /><testcase classname="tests.test_planning_flexibility" name="test_adaptive_destack_requires_straight_motion_only_when_both_sides_are_blocked" time="0.001" /><testcase classname="tests.test_planning_flexibility" name="test_adaptive_destack_treats_trailer_wall_as_a_side_blocker_without_using_its_length" time="0.000" /><testcase classname="tests.test_planning_flexibility" name="test_reorientation_standoff_scales_with_carton_geometry_and_grasp_face" time="0.000" /><testcase classname="tests.test_planning_flexibility" name="test_supported_edge_carton_withdraws_before_reorientation" time="0.000" /><testcase classname="tests.test_planning_flexibility" name="test_joint_path_unwraps_equivalent_wrist_angles_within_limits" time="0.000" /><testcase classname="tests.test_planning_flexibility" name="test_post_release_escape_opposes_belt_and_uses_projected_tool_extent" time="0.000" /><testcase classname="tests.test_planning_flexibility" name="test_post_release_escape_preserves_normal_lift_without_surface_direction" time="0.000" /><testcase classname="tests.test_planning_flexibility" name="test_reorientation_wall_offset_recenters_only_a_wall_limited_edge_carton" time="0.001" /><testcase classname="tests.test_planning_flexibility" name="test_controlled_release_height_uses_strictest_physical_limit" time="0.000" /><testcase classname="tests.test_pybullet_sim" name="test_resolve_package_uri" time="0.000" /><testcase classname="tests.test_pybullet_sim" name="test_quaternion_from_identity_matrix" time="0.000" /><testcase classname="tests.test_pybullet_sim" name="test_kuka_viewer_uses_robot_pose_from_config" time="0.001" /><testcase classname="tests.test_pybullet_sim" name="test_fanuc_suction_face_is_mounted_on_tool_z_at_planned_tip" time="0.000" /><testcase classname="tests.test_pybullet_sim" name="test_released_carton_disappears_after_conveyor_handoff" time="0.000" /><testcase classname="tests.test_qualification" name="test_complete_production_replay_passes_all_checks" time="0.000" /><testcase classname="tests.test_qualification" name="test_attachment_requires_both_position_and_rotation_evidence" time="0.000" /><testcase classname="tests.test_qualification" name="test_missing_placement_measurement_never_passes" time="0.000" /><testcase classname="tests.test_qualification" name="test_payload_touching_conveyor_before_release_is_a_hard_failure" time="0.000" /><testcase classname="tests.test_qualification" name="test_expected_conveyor_transport_requires_displacement_and_speed_evidence" time="0.000" /><testcase classname="tests.test_qualification" name="test_missing_expected_conveyor_speed_evidence_never_passes" time="0.000" /><testcase classname="tests.test_qualification" name="test_truncated_replay_never_qualifies_payload_transport" time="0.000" /><testcase classname="tests.test_qualification" name="test_uncalibrated_1800n_hardware_maximum_is_not_a_working_certificate" time="0.000" /><testcase classname="tests.test_qualification" name="test_disabled_self_collision_cannot_produce_a_collision_certificate" time="0.000" /><testcase classname="tests.test_qualification" name="test_missing_shear_or_moment_blocks_attachment_qualification" time="0.000" /><testcase classname="tests.test_render_fused_observed_faces" name="test_render_fused_observed_faces_writes_world_views" time="0.377" /><testcase classname="tests.test_rgbd_pipeline" name="test_rgb_depth_lights_and_j1_pose_share_one_capture_identity" time="0.011" /><testcase classname="tests.test_rgbd_pipeline" name="test_registration_fails_closed_on_sync_calibration_resolution_or_K" time="0.010" /><testcase classname="tests.test_rgbd_pipeline" name="test_registered_depth_lifts_optical_z_to_metric_xyz_without_gt_cleanup" time="0.012" /><testcase classname="tests.test_rgbd_pipeline" name="test_depth_filter_retains_two_locally_continuous_visible_surfaces" time="0.012" /><testcase classname="tests.test_rgbd_pipeline" name="test_metric_pointmap_keeps_registered_depth_provenance" time="0.013" /><testcase classname="tests.test_rgbd_pipeline" name="test_monocular_source_cannot_claim_verified_metric_scale" time="0.011" /><testcase classname="tests.test_rgbd_pipeline" name="test_single_visible_face_does_not_invent_complete_cuboid_without_size_prior" time="0.000" /><testcase classname="tests.test_rgbd_pipeline" name="test_world_transform_uses_capture_time_pose_not_inference_time_j1" time="0.020" /><testcase classname="tests.test_rgbd_pipeline" name="test_registered_three_plane_pose_prefers_metric_cuboid_over_2d_face_anchor" time="0.001" /><testcase classname="tests.test_rgbd_pipeline" name="test_registered_cuboid_axes_are_canonicalized_by_predicted_side_length" time="0.000" /><testcase classname="tests.test_robot_load" name="test_cuboid_inertia_and_parallel_axis_are_physical" time="0.000" /><testcase classname="tests.test_robot_load" name="test_known_failure_precedes_unknown_com_curve" time="0.008" /><testcase classname="tests.test_robot_load" name="test_otherwise_passing_known_limits_remain_not_evaluated_for_com" time="0.008" /><testcase classname="tests.test_robot_load" name="test_box_inertia_and_parallel_axis_increase_flange_exposure" time="0.015" /><testcase classname="tests.test_robot_load" name="test_dynamic_acceleration_adds_moment_and_is_audited" time="0.015" /><testcase classname="tests.test_robot_load" name="test_invalid_inertia_tensor_is_rejected" time="0.000" /><testcase classname="tests.test_robot_load" name="test_complete_si_case_config_is_loadable_and_fail_closed" time="0.008" /><testcase classname="tests.test_robot_load" name="test_v2_j6_axial_point_mass_adds_zero_parallel_axis_inertia" time="0.000" /><testcase classname="tests.test_robot_load" name="test_v2_j6_axial_translation_does_not_change_axis_inertia" time="0.000" /><testcase classname="tests.test_robot_load" name="test_v2_j5_orthogonal_axis_inertia_increases_with_tool_forward_distance" time="0.000" /><testcase classname="tests.test_robot_load" name="test_v2_gravity_moment_uses_cross_product_and_axis_projection" time="0.000" /><testcase classname="tests.test_robot_load" name="test_v2_rotating_tool_transforms_com_tensor_and_gravity_projection" time="0.001" /><testcase classname="tests.test_robot_load" name="test_v2_tcp_label_does_not_change_unchanged_physical_mass_properties" time="0.009" /><testcase classname="tests.test_robot_load" name="test_v2_wrist_axes_are_urdf_fk_outputs_and_change_with_pose" time="0.004" /><testcase classname="tests.test_robot_load" name="test_v2_known_limit_statuses_are_separate_from_vendor_load_diagram" time="0.012" /><testcase classname="tests.test_robot_load" name="test_exact_500x400x350_15kg_cuboid_inertia" time="0.000" /><testcase classname="tests.test_robot_load" name="test_exact_cuboid_inertia_rotates_as_tensor[rotation0-expected_diagonal0]" time="0.001" /><testcase classname="tests.test_robot_load" name="test_exact_cuboid_inertia_rotates_as_tensor[rotation1-expected_diagonal1]" time="0.001" /><testcase classname="tests.test_robot_load" name="test_exact_cuboid_inertia_rotates_as_tensor[rotation2-expected_diagonal2]" time="0.001" /><testcase classname="tests.test_robustness" name="test_monte_carlo_is_reproducible_and_reports_failure_modes" time="0.009" /><testcase classname="tests.test_robustness" name="test_monte_carlo_boolean_evaluator_is_supported" time="0.001" /><testcase classname="tests.test_ros2_workspace_static" name="test_ros_packages_are_humble_compatible_and_parseable" time="0.010" /><testcase classname="tests.test_ros2_workspace_static" name="test_ros_process_has_no_heavy_vision_or_cuda_imports" time="0.001" /><testcase classname="tests.test_ros2_workspace_static" name="test_optional_ros_fields_have_explicit_presence_flags" time="0.000" /><testcase classname="tests.test_stability" name="test_braking_moves_zmp_opposite_vehicle_acceleration_and_detects_tip" time="0.000" /><testcase classname="tests.test_stability" name="test_fanuc_urdf_masses_payload_and_platform_form_combined_com" time="0.001" /><testcase classname="tests.test_stability" name="test_worst_case_braking_audit_selects_smallest_margin" time="0.000" /><testcase classname="tests.test_task_load" name="test_engineering_tool_scaling_changes_mass_and_full_tensor_together" time="0.003" /><testcase classname="tests.test_task_load" name="test_task_load_known_pass_remains_vendor_unknown_by_default" time="0.011" /><testcase classname="tests.test_task_load" name="test_task_load_can_only_be_fully_qualified_by_vendor_pass" time="0.011" /><testcase classname="tests.test_task_load" name="test_collision_is_a_hard_failure_even_when_known_load_limits_pass" time="0.011" /><testcase classname="tests.test_task_load" name="test_task_load_reports_axis_specific_hard_failures_and_minimum_inertia" time="0.011" /><testcase classname="tests.test_task_load" name="test_task_request_rejects_grasp_normal_not_aligned_with_tcp_axis" time="0.006" /><testcase classname="tests.test_timing" name="test_time_parameterization_is_deterministic_and_respects_limits" time="0.001" /><testcase classname="tests.test_timing" name="test_direction_change_requires_more_than_velocity_only_timing" time="0.000" /><testcase classname="tests.test_timing" name="test_loaded_window_scaling_preserves_path_and_stretches_only_that_window" time="0.000" /><testcase classname="tests.test_timing" name="test_motion_limits_must_be_explicit_and_match_dof" time="0.000" /><testcase classname="tests.test_timing" name="test_invalid_or_empty_paths_are_rejected" time="0.000" /><testcase classname="tests.test_timing" name="test_segment_timing_reports_process_overhead_and_throughput" time="0.000" /><testcase classname="tests.test_timing" name="test_driver_aware_timing_slows_acceleration_dependent_torque" time="0.003" /><testcase classname="tests.test_timing" name="test_driver_audit_rejects_payload_over_certificate" time="0.000" /><testcase classname="tests.test_unloading_contracts" name="test_contract_round_trip_preserves_type_and_enum_identity" time="0.000" /><testcase classname="tests.test_unloading_contracts" name="test_nested_caller_data_is_deeply_frozen_and_detached" time="0.000" /><testcase classname="tests.test_unloading_contracts" name="test_missing_values_are_not_invented" time="0.000" /><testcase classname="tests.test_unloading_contracts" name="test_timed_trajectory_requires_strict_time_and_explicit_provenance" time="0.000" /><testcase classname="tests.test_unloading_contracts" name="test_scene_fingerprint_ignores_mapping_insertion_order_but_not_geometry" time="0.000" /><testcase classname="tests.test_unloading_contracts" name="test_motion_boundary_matches_supports_independent_online_tolerances" time="0.000" /><testcase classname="tests.test_unloading_contracts" name="test_contract_freeze_normalizes_numpy_scalars_and_arrays_without_aliasing" time="0.000" /><testcase classname="tests.test_upstream_v4_adapter" name="test_registered_depth_uses_legacy_selector_only_inside_worker_payload" time="0.000" /><testcase classname="tests.test_upstream_v4_adapter" name="test_v4_output_restores_metric_provenance_and_never_publishes_hidden_faces" time="0.000" /><testcase classname="tests.test_upstream_v4_adapter" name="test_multiplane_metric_result_derives_axes_from_unanchored_depth_cuboid" time="0.000" /><testcase classname="tests.test_upstream_v4_adapter" name="test_command_invokes_actual_v4_worker_with_observed_face_safeguards" time="0.000" /><testcase classname="tests.test_v3_acceptance_entry" name="test_public_acceptance_entry_forwards_config_and_phase_without_dropping_parameters" time="0.000" /><testcase classname="tests.test_v3_broadphase" name="test_aabb_filter_never_rejects_any_sat_hit_in_rotated_random_or_touching_cases" time="0.127" /><testcase classname="tests.test_v3_broadphase" name="test_complete_state_reasons_match_without_broadphase" time="0.617" /><testcase classname="tests.test_v3_continuous_state" name="test_scheduler_tries_third_candidate_and_retains_released_box" time="0.033" /><testcase classname="tests.test_v3_motion_contract" name="test_original_populations_and_grid_denominator_are_unchanged" time="0.045" /><testcase classname="tests.test_v3_motion_contract" name="test_full_path_checks_interior_even_when_both_endpoints_valid" time="0.029" /><testcase classname="tests.test_v3_motion_contract" name="test_tool_forearm_collision_rejects_old_home_and_new_home_is_explicit" time="0.032" /><testcase classname="tests.test_v3_motion_contract" name="test_urdf_corner_missing_from_centerline_proxy_is_checked" time="0.031" /><testcase classname="tests.test_v3_motion_contract" name="test_lift_changes_robot_mount_without_moving_chassis_or_belt" time="0.029" /><testcase classname="tests.test_v3_motion_contract" name="test_last_bottom_box_retains_mechanical_conveyor_height_conflict" time="0.028" /><testcase classname="tests.test_v3_motion_contract" name="test_support_contact_exception_does_not_allow_penetration" time="0.000" /><testcase classname="tests.test_v3_motion_contract" name="test_invariant_attached_neighbor_clearance_fails_before_path_search" time="0.096" /><testcase classname="tests.test_v3_numeric_contract" name="test_so3_log_reconstructs_mixed_sign_half_turn[3.141592653589793-axis0]" time="0.001" /><testcase classname="tests.test_v3_numeric_contract" name="test_so3_log_reconstructs_mixed_sign_half_turn[3.141592653589793-axis1]" time="0.000" /><testcase classname="tests.test_v3_numeric_contract" name="test_so3_log_reconstructs_mixed_sign_half_turn[3.141592653589793-axis2]" time="0.000" /><testcase classname="tests.test_v3_numeric_contract" name="test_so3_log_reconstructs_mixed_sign_half_turn[3.141592653589793-axis3]" time="0.000" /><testcase classname="tests.test_v3_numeric_contract" name="test_so3_log_reconstructs_mixed_sign_half_turn[3.1415925535897933-axis0]" time="0.000" /><testcase classname="tests.test_v3_numeric_contract" name="test_so3_log_reconstructs_mixed_sign_half_turn[3.1415925535897933-axis1]" time="0.000" /><testcase classname="tests.test_v3_numeric_contract" name="test_so3_log_reconstructs_mixed_sign_half_turn[3.1415925535897933-axis2]" time="0.000" /><testcase classname="tests.test_v3_numeric_contract" name="test_so3_log_reconstructs_mixed_sign_half_turn[3.1415925535897933-axis3]" time="0.000" /><testcase classname="tests.test_v3_numeric_contract" name="test_so3_log_reconstructs_mixed_sign_half_turn[3.141582653589793-axis0]" time="0.001" /><testcase classname="tests.test_v3_numeric_contract" name="test_so3_log_reconstructs_mixed_sign_half_turn[3.141582653589793-axis1]" time="0.001" /><testcase classname="tests.test_v3_numeric_contract" name="test_so3_log_reconstructs_mixed_sign_half_turn[3.141582653589793-axis2]" time="0.001" /><testcase classname="tests.test_v3_numeric_contract" name="test_so3_log_reconstructs_mixed_sign_half_turn[3.141582653589793-axis3]" time="0.001" /><testcase classname="tests.test_v3_numeric_contract" name="test_so3_log_reconstructs_mixed_sign_half_turn[1e-09-axis0]" time="0.001" /><testcase classname="tests.test_v3_numeric_contract" name="test_so3_log_reconstructs_mixed_sign_half_turn[1e-09-axis1]" time="0.001" /><testcase classname="tests.test_v3_numeric_contract" name="test_so3_log_reconstructs_mixed_sign_half_turn[1e-09-axis2]" time="0.001" /><testcase classname="tests.test_v3_numeric_contract" name="test_so3_log_reconstructs_mixed_sign_half_turn[1e-09-axis3]" time="0.001" /><testcase classname="tests.test_v3_numeric_contract" name="test_real_fk_ik_residual_not_joint_centering_equilibrium" time="0.051" /><testcase classname="tests.test_v3_numeric_contract" name="test_full_jacobian_independent_central_difference_rotated_base_and_tcp" time="0.069" /><testcase classname="tests.test_v3_numeric_contract" name="test_attachment_roll_never_rotates_initial_box[0-front]" time="0.001" /><testcase classname="tests.test_v3_numeric_contract" name="test_attachment_roll_never_rotates_initial_box[0-left]" time="0.001" /><testcase classname="tests.test_v3_numeric_contract" name="test_attachment_roll_never_rotates_initial_box[0-right]" time="0.001" /><testcase classname="tests.test_v3_numeric_contract" name="test_attachment_roll_never_rotates_initial_box[0-top]" time="0.001" /><testcase classname="tests.test_v3_numeric_contract" name="test_attachment_roll_never_rotates_initial_box[90-front]" time="0.001" /><testcase classname="tests.test_v3_numeric_contract" name="test_attachment_roll_never_rotates_initial_box[90-left]" time="0.001" /><testcase classname="tests.test_v3_numeric_contract" name="test_attachment_roll_never_rotates_initial_box[90-right]" time="0.001" /><testcase classname="tests.test_v3_numeric_contract" name="test_attachment_roll_never_rotates_initial_box[90-top]" time="0.001" /><testcase classname="tests.test_v3_numeric_contract" name="test_attachment_roll_never_rotates_initial_box[180-front]" time="0.001" /><testcase classname="tests.test_v3_numeric_contract" name="test_attachment_roll_never_rotates_initial_box[180-left]" time="0.001" /><testcase classname="tests.test_v3_numeric_contract" name="test_attachment_roll_never_rotates_initial_box[180-right]" time="0.001" /><testcase classname="tests.test_v3_numeric_contract" name="test_attachment_roll_never_rotates_initial_box[180-top]" time="0.001" /><testcase classname="tests.test_v3_numeric_contract" name="test_attachment_roll_never_rotates_initial_box[270-front]" time="0.001" /><testcase classname="tests.test_v3_numeric_contract" name="test_attachment_roll_never_rotates_initial_box[270-left]" time="0.001" /><testcase classname="tests.test_v3_numeric_contract" name="test_attachment_roll_never_rotates_initial_box[270-right]" time="0.001" /><testcase classname="tests.test_v3_numeric_contract" name="test_attachment_roll_never_rotates_initial_box[270-top]" time="0.001" /><testcase classname="tests.test_v3_numeric_contract" name="test_actual_suction_coverage_needs_roll_on_side_not_area" time="0.038" /><testcase classname="tests.test_v3_numeric_contract" name="test_support_uses_actual_box_and_rejects_overhang_gap_and_penetration" time="0.000" /><testcase classname="tests.test_v3_numeric_contract" name="test_single_axis_acceleration_lower_bound_and_polynomial_derivatives" time="0.011" /><testcase classname="tests.test_v3_numeric_contract" name="test_config_rejects_silent_unknown_override_and_preserves_source" time="0.043" /><testcase classname="tests.test_v3_numeric_contract" name="test_tcp_xyz_and_rotation_propagate_from_tool_yaml_through_fk_and_collision" time="0.061" /><testcase classname="tests.test_v3_numeric_contract" name="test_rigid_load_com_preserves_original_front_fail_and_collision_pose" time="0.031" /><testcase classname="tests.test_v3_receiver_and_inertia" name="test_rotated_inertia_and_parallel_axis_match_independent_mass_quadrature" time="0.001" /><testcase classname="tests.test_v3_receiver_and_inertia" name="test_receiver_support_union_detects_corner_gap_not_just_center_support" time="0.000" /><testcase classname="tests.test_vision_rig" name="test_nominal_mast_is_exactly_400_mm_to_world_left" time="0.010" /><testcase classname="tests.test_vision_rig" name="test_nominal_camera_faces_world_plus_x_and_arm_plane_is_yz" time="0.000" /><testcase classname="tests.test_vision_rig" name="test_j1_sweep_preserves_radius_phase_vertical_and_level_camera" time="0.001" /><testcase classname="tests.test_vision_rig" name="test_user_defined_mast_and_module_heights_are_not_optimized" time="0.000" /><testcase classname="tests.test_vision_rig" name="test_exact_user_fovs_require_explicit_resampling" time="0.000" /><testcase classname="tests.test_vision_rig" name="test_integrated_rgbd_and_symmetric_fill_light_contract" time="0.000" /><testcase classname="tests.test_vision_rig" name="test_dual_modules_preserve_upper_datum_and_define_physical_lower_depression" time="0.000" /><testcase classname="tests.test_vision_rig" name="test_old_static_or_right_side_geometry_fails_current_acceptance" time="0.001" /></testsuite></testsuites>