<?xml version="1.0" encoding="utf-8"?><testsuites><testsuite name="pytest" errors="0" failures="0" skipped="0" tests="2" time="0.515" timestamp="2026-09-15T13:22:04.895581" hostname="autodl-container-qlct8ugcxh-6f0e9741"><testcase classname="tests_metric.test_depth_solver" name="test_analytic_three_faces_joint_so3_and_independent_rejection" time="0.320" /><testcase classname="tests_metric.test_depth_solver" name="test_boundary_semantics_require_explicit_no_hit_and_keep_occlusion" time="0.011" /></testsuite></testsuites>