<?xml version="1.0" encoding="utf-8"?><testsuites><testsuite name="pytest" errors="0" failures="0" skipped="0" tests="6" time="4.284" timestamp="2026-09-14T21:58:50.745608" hostname="autodl-container-qms6hzyhpm-32041050"><testcase classname="unloading_ros_bridge.test.test_bridge_integration_launch" name="test_bridge_integration_launch" time="3.698" /><testcase classname="unloading_ros_bridge.test.test_humble_imports" name="test_humble_python_and_generated_interfaces_import" time="0.001" /><testcase classname="unloading_ros_bridge.test.test_humble_imports" name="test_cpu_bridge_import_does_not_load_cuda_frameworks" time="0.001" /><testcase classname="unloading_ros_bridge.test.test_humble_imports" name="test_domain_ros_domain_round_trip_preserves_fingerprint" time="0.011" /><testcase classname="unloading_ros_bridge.test.test_humble_imports" name="test_exact_source_times_survive_ros_nanosecond_transport" time="0.004" /><testcase classname="unloading_ros_bridge.test.test_mock_action_launch" name="test_mock_action_launch" time="0.383" /></testsuite></testsuites>